Build started 12/14/2015 3:16:26 PM.
     1>Project "Z:\IGMProfile\College\DSA 2\CurvedPlastic\SeparatingAxisTheorem\SeparatingAxisTheorem.vcxproj" on node 2 (Build target(s)).
     1>ClCompile:
         C:\Program Files (x86)\Microsoft Visual Studio 12.0\VC\bin\CL.exe /c /ZI /nologo /W3 /WX- /sdl /Od /Oy- /D WIN32 /D _DEBUG /D _CONSOLE /D _LIB /D _UNICODE /D UNICODE /Gm /EHsc /RTC1 /MDd /GS /fp:precise /Zc:wchar_t /Zc:forScope /Fo"Debug\\" /Fd"Debug\vc120.pdb" /Gd /TP /analyze- /errorReport:prompt Camera.cpp Cube.cpp GameWorld.cpp main.cpp ObjLoader.cpp ShaderHelpers.cpp Shape.cpp Triangle.cpp
         Triangle.cpp
         Shape.cpp
         ShaderHelpers.cpp
         ObjLoader.cpp
     1>z:\igmprofile\college\dsa 2\curvedplastic\separatingaxistheorem\objloader.cpp(72): warning C4018: '<' : signed/unsigned mismatch
     1>z:\igmprofile\college\dsa 2\curvedplastic\separatingaxistheorem\objloader.cpp(158): warning C4018: '<' : signed/unsigned mismatch
     1>z:\igmprofile\college\dsa 2\curvedplastic\separatingaxistheorem\objloader.cpp(161): warning C4018: '<' : signed/unsigned mismatch
     1>z:\igmprofile\college\dsa 2\curvedplastic\separatingaxistheorem\objloader.cpp(167): warning C4018: '<' : signed/unsigned mismatch
         main.cpp
     1>z:\igmprofile\college\dsa 2\curvedplastic\separatingaxistheorem\main.cpp(123): warning C4316: 'Cube' : object allocated on the heap may not be aligned 16
     1>z:\igmprofile\college\dsa 2\curvedplastic\separatingaxistheorem\main.cpp(124): warning C4316: 'Cube' : object allocated on the heap may not be aligned 16
     1>z:\igmprofile\college\dsa 2\curvedplastic\separatingaxistheorem\main.cpp(125): warning C4316: 'Cube' : object allocated on the heap may not be aligned 16
     1>z:\igmprofile\college\dsa 2\curvedplastic\separatingaxistheorem\main.cpp(52): warning C4101: 'vShaderCode' : unreferenced local variable
     1>z:\igmprofile\college\dsa 2\curvedplastic\separatingaxistheorem\main.cpp(53): warning C4101: 'fShaderCode' : unreferenced local variable
     1>z:\igmprofile\college\dsa 2\curvedplastic\separatingaxistheorem\main.cpp(134): warning C4244: '=' : conversion from 'double' to 'float', possible loss of data
         GameWorld.cpp
         Cube.cpp
     1>z:\igmprofile\college\dsa 2\curvedplastic\separatingaxistheorem\cube.cpp(74): warning C4018: '<' : signed/unsigned mismatch
     1>z:\igmprofile\college\dsa 2\curvedplastic\separatingaxistheorem\cube.cpp(121): warning C4018: '<' : signed/unsigned mismatch
     1>z:\igmprofile\college\dsa 2\curvedplastic\separatingaxistheorem\cube.cpp(177): warning C4018: '<' : signed/unsigned mismatch
     1>z:\igmprofile\college\dsa 2\curvedplastic\separatingaxistheorem\cube.cpp(189): warning C4018: '<' : signed/unsigned mismatch
     1>z:\igmprofile\college\dsa 2\curvedplastic\separatingaxistheorem\cube.cpp(207): warning C4018: '<' : signed/unsigned mismatch
         Camera.cpp
     1>z:\igmprofile\college\dsa 2\curvedplastic\separatingaxistheorem\camera.cpp(13): warning C4305: '=' : truncation from 'double' to 'float'
         Generating Code...
     1>z:\igmprofile\college\dsa 2\curvedplastic\separatingaxistheorem\objloader.cpp(97): warning C4715: 'loadObj' : not all control paths return a value
       Link:
         C:\Program Files (x86)\Microsoft Visual Studio 12.0\VC\bin\link.exe /ERRORREPORT:PROMPT /OUT:"Z:\IGMProfile\College\DSA 2\CurvedPlastic\Debug\SeparatingAxisTheorem.exe" /INCREMENTAL /NOLOGO glew32.lib glfw3.lib opengl32.lib SOIL.lib kernel32.lib user32.lib gdi32.lib winspool.lib comdlg32.lib advapi32.lib shell32.lib ole32.lib oleaut32.lib uuid.lib odbc32.lib odbccp32.lib /MANIFEST /MANIFESTUAC:"level='asInvoker' uiAccess='false'" /manifest:embed /DEBUG /PDB:"Z:\IGMProfile\College\DSA 2\CurvedPlastic\Debug\SeparatingAxisTheorem.pdb" /SUBSYSTEM:CONSOLE /TLBID:1 /DYNAMICBASE /NXCOMPAT /IMPLIB:"Z:\IGMProfile\College\DSA 2\CurvedPlastic\Debug\SeparatingAxisTheorem.lib" /MACHINE:X86 Debug\Camera.obj
         Debug\Cube.obj
         Debug\GameWorld.obj
         Debug\main.obj
         Debug\ObjLoader.obj
         Debug\ShaderHelpers.obj
         Debug\Shape.obj
         Debug\Triangle.obj
         SOIL.lib(SOIL.obj) : MSIL .netmodule or module compiled with /GL found; restarting link with /LTCG; add /LTCG to the link command line to improve linker performance
     1>LINK : warning LNK4075: ignoring '/INCREMENTAL' due to '/LTCG' specification
     1>Camera.obj : warning LNK4075: ignoring '/EDITANDCONTINUE' due to '/OPT:LBR' specification
     1>LINK : warning LNK4098: defaultlib 'MSVCRT' conflicts with use of other libs; use /NODEFAULTLIB:library
         Generating code
         Finished generating code
     1>SOIL.lib(SOIL.obj) : warning LNK4099: PDB 'vc110.pdb' was not found with 'SOIL.lib(SOIL.obj)' or at 'Z:\IGMProfile\College\DSA 2\CurvedPlastic\Debug\vc110.pdb'; linking object as if no debug info
     1>SOIL.lib(stb_image_aug.obj) : warning LNK4099: PDB 'vc110.pdb' was not found with 'SOIL.lib(stb_image_aug.obj)' or at 'Z:\IGMProfile\College\DSA 2\CurvedPlastic\Debug\vc110.pdb'; linking object as if no debug info
     1>SOIL.lib(image_helper.obj) : warning LNK4099: PDB 'vc110.pdb' was not found with 'SOIL.lib(image_helper.obj)' or at 'Z:\IGMProfile\College\DSA 2\CurvedPlastic\Debug\vc110.pdb'; linking object as if no debug info
     1>SOIL.lib(image_DXT.obj) : warning LNK4099: PDB 'vc110.pdb' was not found with 'SOIL.lib(image_DXT.obj)' or at 'Z:\IGMProfile\College\DSA 2\CurvedPlastic\Debug\vc110.pdb'; linking object as if no debug info
         SeparatingAxisTheorem.vcxproj -> Z:\IGMProfile\College\DSA 2\CurvedPlastic\Debug\SeparatingAxisTheorem.exe
     1>Done Building Project "Z:\IGMProfile\College\DSA 2\CurvedPlastic\SeparatingAxisTheorem\SeparatingAxisTheorem.vcxproj" (Build target(s)).

Build succeeded.

Time Elapsed 00:00:10.58
